<?xml version="1.0" encoding="UTF-8" ?>
<testsuite errors="0" failures="0" hostname="BONGANI" name="soccer.log.ExecutePremierSoccerLeagueStandingTest" skipped="0" tests="1" time="0.093" timestamp="2022-02-03T19:02:43">
  <properties>
[...]
</properties>
  <testcase classname="soccer.log.ExecutePremierSoccerLeagueStandingTest" name="testAccuratePremierSoccerLeagueStanding" time="0.046" />
  <system-out><![CDATA[1. Tarantulas, 6 pts
2. Lions, 5 pts
3. FC Awesome, 1 pts
4. Snakes, 1 pts
5. Grouches, 0 pts
]]></system-out>
  <system-err><![CDATA[]]></system-err>
</testsuite>
